[debug] [2020-09-29T18:43:21.883Z] ----------------------------------------------------------------------
[debug] [2020-09-29T18:43:21.885Z] Command:       C:\Program Files\nodejs\node.exe C:\Users\Nitish-PC\AppData\Roaming\npm\node_modules\firebase-tools\lib\bin\firebase.js emulators:start
[debug] [2020-09-29T18:43:21.886Z] CLI Version:   8.11.1
[debug] [2020-09-29T18:43:21.886Z] Platform:      win32
[debug] [2020-09-29T18:43:21.886Z] Node Version:  v10.16.3
[debug] [2020-09-29T18:43:21.887Z] Time:          Tue Sep 29 2020 14:43:21 GMT-0400 (Eastern Daylight Time)
[debug] [2020-09-29T18:43:21.888Z] ----------------------------------------------------------------------
[debug] [2020-09-29T18:43:21.888Z] 
[debug] [2020-09-29T18:43:21.903Z] > command requires scopes: ["email","openid","https://www.googleapis.com/auth/cloudplatformprojects.readonly","https://www.googleapis.com/auth/firebase","https://www.googleapis.com/auth/cloud-platform"]
[debug] [2020-09-29T18:43:21.903Z] > authorizing via signed-in user
[info] i  emulators: Starting emulators: functions, hosting {"metadata":{"emulator":{"name":"hub"},"message":"Starting emulators: functions, hosting"}}
[debug] [2020-09-29T18:43:24.047Z] [hub] writing locator at C:\Users\Nitish-PC\AppData\Local\Temp\hub-clone-fcc92.json
[warn] !  functions: The following emulators are not running, calls to these services from the Functions emulator will affect production: auth, firestore, database, pubsub {"metadata":{"emulator":{"name":"functions"},"message":"The following emulators are not running, calls to these services from the Functions emulator will affect production: \u001b[1mauth, firestore, database, pubsub\u001b[22m"}}
[info] +  functions: Using node@10 from host. {"metadata":{"emulator":{"name":"functions"},"message":"Using node@10 from host."}}
[debug] [2020-09-29T18:43:26.109Z] defaultcredentials: writing to file C:\Users\Nitish-PC\AppData\Roaming\firebase\nitish_soman13_gmail.com_application_default_credentials.json
[debug] [2020-09-29T18:43:26.116Z] Setting GAC to C:\Users\Nitish-PC\AppData\Roaming\firebase\nitish_soman13_gmail.com_application_default_credentials.json {"metadata":{"emulator":{"name":"functions"},"message":"Setting GAC to C:\\Users\\Nitish-PC\\AppData\\Roaming\\firebase\\nitish_soman13_gmail.com_application_default_credentials.json"}}
[debug] [2020-09-29T18:43:28.139Z] >>> HTTP REQUEST GET https://firebase.googleapis.com/v1beta1/projects/clone-fcc92/webApps/-/config  
 
[debug] [2020-09-29T18:43:28.610Z] <<< HTTP RESPONSE 200 {"content-type":"application/json; charset=UTF-8","vary":"X-Origin, Referer, Origin,Accept-Encoding","date":"Tue, 29 Sep 2020 18:43:29 GMT","server":"ESF","cache-control":"private","x-xss-protection":"0","x-frame-options":"SAMEORIGIN","x-content-type-options":"nosniff","alt-svc":"h3-Q050=\":443\"; ma=2592000,h3-29=\":443\"; ma=2592000,h3-27=\":443\"; ma=2592000,h3-T051=\":443\"; ma=2592000,h3-T050=\":443\"; ma=2592000,h3-Q046=\":443\"; ma=2592000,h3-Q043=\":443\"; ma=2592000,quic=\":443\"; ma=2592000; v=\"46,43\"","accept-ranges":"none","transfer-encoding":"chunked"}
[info] i  hosting: Serving hosting files from: build {"metadata":{"emulator":{"name":"hosting"},"message":"Serving hosting files from: \u001b[1mbuild\u001b[22m"}}
[info] +  hosting: Local server: http://localhost:5000 {"metadata":{"emulator":{"name":"hosting"},"message":"Local server: \u001b[4m\u001b[1mhttp://localhost:5000\u001b[22m\u001b[24m"}}
[warn] !  ui: Emulator UI unable to start on port 4000, starting on 4001 instead. {"metadata":{"emulator":{"name":"ui"},"message":"Emulator UI unable to start on port 4000, starting on 4001 instead."}}
[debug] [2020-09-29T18:43:30.739Z] Ignoring unsupported arg: auto_download {"metadata":{"emulator":{"name":"ui"},"message":"Ignoring unsupported arg: auto_download"}}
[debug] [2020-09-29T18:43:30.739Z] Ignoring unsupported arg: port {"metadata":{"emulator":{"name":"ui"},"message":"Ignoring unsupported arg: port"}}
[debug] [2020-09-29T18:43:30.739Z] Starting Emulator UI with command {"binary":"node","args":["C:\\Users\\Nitish-PC\\.cache\\firebase\\emulators\\ui-v1.1.1\\server.bundle.js"],"optionalArgs":[],"joinArgs":false} {"metadata":{"emulator":{"name":"ui"},"message":"Starting Emulator UI with command {\"binary\":\"node\",\"args\":[\"C:\\\\Users\\\\Nitish-PC\\\\.cache\\\\firebase\\\\emulators\\\\ui-v1.1.1\\\\server.bundle.js\"],\"optionalArgs\":[],\"joinArgs\":false}"}}
[info] i  ui: Emulator UI logging to ui-debug.log {"metadata":{"emulator":{"name":"ui"},"message":"Emulator UI logging to \u001b[1mui-debug.log\u001b[22m"}}
[debug] [2020-09-29T18:43:30.902Z] Web / API server started at http://localhost:4001
 {"metadata":{"emulator":{"name":"ui"},"message":"Web / API server started at http://localhost:4001\n"}}
[info] i  functions: Watching "C:\Users\Nitish-PC\Documents\GitHub\amazon-clone\functions" for Cloud Functions... {"metadata":{"emulator":{"name":"functions"},"message":"Watching \"C:\\Users\\Nitish-PC\\Documents\\GitHub\\amazon-clone\\functions\" for Cloud Functions..."}}
[debug] [2020-09-29T18:43:31.268Z] [worker-pool] addWorker(~diagnostic~) {"metadata":{"emulator":{"name":"functions"},"message":"[worker-pool] addWorker(~diagnostic~)"}}
[debug] [2020-09-29T18:43:31.268Z] [worker-pool] Adding worker with key ~diagnostic~, total=1 {"metadata":{"emulator":{"name":"functions"},"message":"[worker-pool] Adding worker with key ~diagnostic~, total=1"}}
[debug] [2020-09-29T18:43:31.268Z] [worker-pool] submitWork(triggerId=) {"metadata":{"emulator":{"name":"functions"},"message":"[worker-pool] submitWork(triggerId=)"}}
[debug] [2020-09-29T18:43:31.269Z] [worker-~diagnostic~-900f7a15-9410-4943-8a01-b9e274052748]: Assigning socketPath: \\?\pipe\C:\Users\Nitish-PC\Documents\GitHub\amazon-clone\functions\63668 {"metadata":{"emulator":{"name":"functions"},"message":"[worker-~diagnostic~-900f7a15-9410-4943-8a01-b9e274052748]: Assigning socketPath: \\\\?\\pipe\\C:\\Users\\Nitish-PC\\Documents\\GitHub\\amazon-clone\\functions\\63668"}}
[debug] [2020-09-29T18:43:31.270Z] [worker-~diagnostic~-900f7a15-9410-4943-8a01-b9e274052748]: BUSY {"metadata":{"emulator":{"name":"functions"},"message":"[worker-~diagnostic~-900f7a15-9410-4943-8a01-b9e274052748]: BUSY"}}
[debug] [2020-09-29T18:43:32.019Z] [runtime-status] [63668] Functions runtime initialized. {"cwd":"C:\\Users\\Nitish-PC\\Documents\\GitHub\\amazon-clone\\functions","node_version":"10.16.3"} {"metadata":{"emulator":{"name":"functions"},"message":"[runtime-status] [63668] Functions runtime initialized. {\"cwd\":\"C:\\\\Users\\\\Nitish-PC\\\\Documents\\\\GitHub\\\\amazon-clone\\\\functions\",\"node_version\":\"10.16.3\"}"}}
[debug] [2020-09-29T18:43:32.023Z] [runtime-status] [63668] Disabled runtime features: undefined {"metadata":{"emulator":{"name":"functions"},"message":"[runtime-status] [63668] Disabled runtime features: undefined"}}
[debug] [2020-09-29T18:43:32.032Z] [runtime-status] [63668] Resolved module firebase-admin {"declared":true,"installed":true,"version":"8.13.0","resolution":"C:\\Users\\Nitish-PC\\Documents\\GitHub\\amazon-clone\\functions\\node_modules\\firebase-admin\\lib\\index.js"} {"metadata":{"emulator":{"name":"functions"},"message":"[runtime-status] [63668] Resolved module firebase-admin {\"declared\":true,\"installed\":true,\"version\":\"8.13.0\",\"resolution\":\"C:\\\\Users\\\\Nitish-PC\\\\Documents\\\\GitHub\\\\amazon-clone\\\\functions\\\\node_modules\\\\firebase-admin\\\\lib\\\\index.js\"}"}}
[debug] [2020-09-29T18:43:32.036Z] [runtime-status] [63668] Resolved module firebase-functions {"declared":true,"installed":true,"version":"3.11.0","resolution":"C:\\Users\\Nitish-PC\\Documents\\GitHub\\amazon-clone\\functions\\node_modules\\firebase-functions\\lib\\index.js"} {"metadata":{"emulator":{"name":"functions"},"message":"[runtime-status] [63668] Resolved module firebase-functions {\"declared\":true,\"installed\":true,\"version\":\"3.11.0\",\"resolution\":\"C:\\\\Users\\\\Nitish-PC\\\\Documents\\\\GitHub\\\\amazon-clone\\\\functions\\\\node_modules\\\\firebase-functions\\\\lib\\\\index.js\"}"}}
[debug] [2020-09-29T18:43:32.037Z] [runtime-status] [63668] Resolved module firebase-functions {"declared":true,"installed":true,"version":"3.11.0","resolution":"C:\\Users\\Nitish-PC\\Documents\\GitHub\\amazon-clone\\functions\\node_modules\\firebase-functions\\lib\\index.js"} {"metadata":{"emulator":{"name":"functions"},"message":"[runtime-status] [63668] Resolved module firebase-functions {\"declared\":true,\"installed\":true,\"version\":\"3.11.0\",\"resolution\":\"C:\\\\Users\\\\Nitish-PC\\\\Documents\\\\GitHub\\\\amazon-clone\\\\functions\\\\node_modules\\\\firebase-functions\\\\lib\\\\index.js\"}"}}
[debug] [2020-09-29T18:43:32.044Z] [runtime-status] [63668] Outgoing network have been stubbed. [{"name":"http","status":"mocked"},{"name":"http","status":"mocked"},{"name":"https","status":"mocked"},{"name":"https","status":"mocked"},{"name":"net","status":"mocked"}] {"metadata":{"emulator":{"name":"functions"},"message":"[runtime-status] [63668] Outgoing network have been stubbed. [{\"name\":\"http\",\"status\":\"mocked\"},{\"name\":\"http\",\"status\":\"mocked\"},{\"name\":\"https\",\"status\":\"mocked\"},{\"name\":\"https\",\"status\":\"mocked\"},{\"name\":\"net\",\"status\":\"mocked\"}]"}}
[debug] [2020-09-29T18:43:32.047Z] [runtime-status] [63668] Resolved module firebase-functions {"declared":true,"installed":true,"version":"3.11.0","resolution":"C:\\Users\\Nitish-PC\\Documents\\GitHub\\amazon-clone\\functions\\node_modules\\firebase-functions\\lib\\index.js"} {"metadata":{"emulator":{"name":"functions"},"message":"[runtime-status] [63668] Resolved module firebase-functions {\"declared\":true,\"installed\":true,\"version\":\"3.11.0\",\"resolution\":\"C:\\\\Users\\\\Nitish-PC\\\\Documents\\\\GitHub\\\\amazon-clone\\\\functions\\\\node_modules\\\\firebase-functions\\\\lib\\\\index.js\"}"}}
[debug] [2020-09-29T18:43:32.157Z] [runtime-status] [63668] Checked functions.config() {"config":{}} {"metadata":{"emulator":{"name":"functions"},"message":"[runtime-status] [63668] Checked functions.config() {\"config\":{}}"}}
[debug] [2020-09-29T18:43:32.158Z] [runtime-status] [63668] firebase-functions has been stubbed. {"functionsResolution":{"declared":true,"installed":true,"version":"3.11.0","resolution":"C:\\Users\\Nitish-PC\\Documents\\GitHub\\amazon-clone\\functions\\node_modules\\firebase-functions\\lib\\index.js"}} {"metadata":{"emulator":{"name":"functions"},"message":"[runtime-status] [63668] firebase-functions has been stubbed. {\"functionsResolution\":{\"declared\":true,\"installed\":true,\"version\":\"3.11.0\",\"resolution\":\"C:\\\\Users\\\\Nitish-PC\\\\Documents\\\\GitHub\\\\amazon-clone\\\\functions\\\\node_modules\\\\firebase-functions\\\\lib\\\\index.js\"}}"}}
[debug] [2020-09-29T18:43:32.159Z] [runtime-status] [63668] Resolved module firebase-functions {"declared":true,"installed":true,"version":"3.11.0","resolution":"C:\\Users\\Nitish-PC\\Documents\\GitHub\\amazon-clone\\functions\\node_modules\\firebase-functions\\lib\\index.js"} {"metadata":{"emulator":{"name":"functions"},"message":"[runtime-status] [63668] Resolved module firebase-functions {\"declared\":true,\"installed\":true,\"version\":\"3.11.0\",\"resolution\":\"C:\\\\Users\\\\Nitish-PC\\\\Documents\\\\GitHub\\\\amazon-clone\\\\functions\\\\node_modules\\\\firebase-functions\\\\lib\\\\index.js\"}"}}
[debug] [2020-09-29T18:43:32.161Z] [runtime-status] [63668] Resolved module firebase-admin {"declared":true,"installed":true,"version":"8.13.0","resolution":"C:\\Users\\Nitish-PC\\Documents\\GitHub\\amazon-clone\\functions\\node_modules\\firebase-admin\\lib\\index.js"} {"metadata":{"emulator":{"name":"functions"},"message":"[runtime-status] [63668] Resolved module firebase-admin {\"declared\":true,\"installed\":true,\"version\":\"8.13.0\",\"resolution\":\"C:\\\\Users\\\\Nitish-PC\\\\Documents\\\\GitHub\\\\amazon-clone\\\\functions\\\\node_modules\\\\firebase-admin\\\\lib\\\\index.js\"}"}}
[debug] [2020-09-29T18:43:32.161Z] [runtime-status] [63668] Resolved module firebase-functions {"declared":true,"installed":true,"version":"3.11.0","resolution":"C:\\Users\\Nitish-PC\\Documents\\GitHub\\amazon-clone\\functions\\node_modules\\firebase-functions\\lib\\index.js"} {"metadata":{"emulator":{"name":"functions"},"message":"[runtime-status] [63668] Resolved module firebase-functions {\"declared\":true,\"installed\":true,\"version\":\"3.11.0\",\"resolution\":\"C:\\\\Users\\\\Nitish-PC\\\\Documents\\\\GitHub\\\\amazon-clone\\\\functions\\\\node_modules\\\\firebase-functions\\\\lib\\\\index.js\"}"}}
[debug] [2020-09-29T18:43:32.162Z] [runtime-status] [63668] firebase-admin has been stubbed. {"adminResolution":{"declared":true,"installed":true,"version":"8.13.0","resolution":"C:\\Users\\Nitish-PC\\Documents\\GitHub\\amazon-clone\\functions\\node_modules\\firebase-admin\\lib\\index.js"}} {"metadata":{"emulator":{"name":"functions"},"message":"[runtime-status] [63668] firebase-admin has been stubbed. {\"adminResolution\":{\"declared\":true,\"installed\":true,\"version\":\"8.13.0\",\"resolution\":\"C:\\\\Users\\\\Nitish-PC\\\\Documents\\\\GitHub\\\\amazon-clone\\\\functions\\\\node_modules\\\\firebase-admin\\\\lib\\\\index.js\"}}"}}
[info] +  functions[api]: http function initialized (http://localhost:5001/clone-fcc92/us-central1/api). {"metadata":{"emulator":{"name":"functions"},"message":"\u001b[1mhttp\u001b[22m function initialized (http://localhost:5001/clone-fcc92/us-central1/api)."}}
[info] 
┌───────────────────────────────────────────────────────────────────────┐
│ ✔  All emulators ready! View status and logs at http://localhost:4001 │
└───────────────────────────────────────────────────────────────────────┘

┌───────────┬────────────────┬─────────────────────────────────┐
│ Emulator  │ Host:Port      │ View in Emulator UI             │
├───────────┼────────────────┼─────────────────────────────────┤
│ Functions │ localhost:5001 │ http://localhost:4001/functions │
├───────────┼────────────────┼─────────────────────────────────┤
│ Hosting   │ localhost:5000 │ n/a                             │
└───────────┴────────────────┴─────────────────────────────────┘
  Other reserved ports: 4400, 4500

Issues? Report them at https://github.com/firebase/firebase-tools/issues and attach the *-debug.log files.
 
[debug] [2020-09-29T18:43:32.565Z] [worker-~diagnostic~-900f7a15-9410-4943-8a01-b9e274052748]: IDLE {"metadata":{"emulator":{"name":"functions"},"message":"[worker-~diagnostic~-900f7a15-9410-4943-8a01-b9e274052748]: IDLE"}}
